{"/home/esteban/Documentos/api_StarWars/src/getStarships.js": {"path":"/home/esteban/Documentos/api_StarWars/src/getStarships.js","statementMap":{"0":{"start":{"line":10,"column":14},"end":{"line":10,"column":30}},"1":{"start":{"line":13,"column":21},"end":{"line":26,"column":1}},"2":{"start":{"line":14,"column":15},"end":{"line":14,"column":17}},"3":{"start":{"line":15,"column":23},"end":{"line":15,"column":25}},"4":{"start":{"line":16,"column":2},"end":{"line":23,"column":3}},"5":{"start":{"line":16,"column":15},"end":{"line":16,"column":16}},"6":{"start":{"line":17,"column":21},"end":{"line":17,"column":81}},"7":{"start":{"line":19,"column":30},"end":{"line":19,"column":34}},"8":{"start":{"line":21,"column":4},"end":{"line":21,"column":25}},"9":{"start":{"line":22,"column":4},"end":{"line":22,"column":28}},"10":{"start":{"line":25,"column":2},"end":{"line":25,"column":16}},"11":{"start":{"line":28,"column":0},"end":{"line":28,"column":30}}},"fnMap":{"0":{"name":"(anonymous_0)","decl":{"start":{"line":13,"column":21},"end":{"line":13,"column":22}},"loc":{"start":{"line":13,"column":33},"end":{"line":26,"column":1}},"line":13}},"branchMap":{},"s":{"0":1,"1":1,"2":1,"3":1,"4":1,"5":1,"6":4,"7":3,"8":3,"9":3,"10":0,"11":1},"f":{"0":1},"b":{},"_coverageSchema":"43e27e138ebf9cfc5966b082cf9a028302ed4184","hash":"8952110f61c8d3f250836e8e04a772ac80deaba7"}
}
